Log file open, 02/15/22 22:18:55
LogWindows: Failed to load 'aqProf.dll' (GetLastError=126)
LogWindows: File 'aqProf.dll' does not exist
LogWindows: Failed to load 'VtuneApi.dll' (GetLastError=126)
LogWindows: File 'VtuneApi.dll' does not exist
LogWindows: Failed to load 'VtuneApi32e.dll' (GetLastError=126)
LogWindows: File 'VtuneApi32e.dll' does not exist
LogConsoleResponse: Display: Failed to find resolution value strings in scalability ini. Falling back to default.
LogConsoleResponse: Display: Failed to find resolution value strings in scalability ini. Falling back to default.
LogInit: Display: Running engine for game: Task6_14_02_2022
LogPlatformFile: Not using cached read wrapper
LogTaskGraph: Started task graph with 5 named threads and 20 total threads with 3 sets of task threads.
LogStats: Stats thread started at 0.805933
LogICUInternationalization: ICU TimeZone Detection - Raw Offset: +2:00, Platform Override: ''
LogInit: Display: Loading text-based GConfig....
LogPluginManager: Mounting plugin MeshPainting
LogPluginManager: Mounting plugin XGEController
LogPluginManager: Mounting plugin Paper2D
LogPluginManager: Mounting plugin AISupport
LogPluginManager: Mounting plugin EnvironmentQueryEditor
LogPluginManager: Mounting plugin LiveLink
LogPluginManager: Mounting plugin LightPropagationVolume
LogPluginManager: Mounting plugin CameraShakePreviewer
LogPluginManager: Mounting plugin GameplayCameras
LogPluginManager: Mounting plugin OodleData
LogPluginManager: Mounting plugin OodleNetwork
LogPluginManager: Mounting plugin AnimationSharing
LogPluginManager: Mounting plugin CLionSourceCodeAccess
LogPluginManager: Mounting plugin CodeLiteSourceCodeAccess
LogPluginManager: Mounting plugin GitSourceControl
LogPluginManager: Mounting plugin KDevelopSourceCodeAccess
LogPluginManager: Mounting plugin NullSourceCodeAccess
LogPluginManager: Mounting plugin PerforceSourceControl
LogPluginManager: Mounting plugin PixWinPlugin
LogPluginManager: Mounting plugin PlasticSourceControl
LogPluginManager: Mounting plugin PluginUtils
LogPluginManager: Mounting plugin PropertyAccessNode
LogPluginManager: Mounting plugin RiderSourceCodeAccess
LogPluginManager: Mounting plugin SubversionSourceControl
LogPluginManager: Mounting plugin TextureFormatOodle
LogPluginManager: Mounting plugin UObjectPlugin
LogPluginManager: Mounting plugin VisualStudioCodeSourceCodeAccess
LogPluginManager: Mounting plugin VisualStudioSourceCodeAccess
LogPluginManager: Mounting plugin XCodeSourceCodeAccess
LogPluginManager: Mounting plugin AssetManagerEditor
LogPluginManager: Mounting plugin CryptoKeys
LogPluginManager: Mounting plugin CurveEditorTools
LogPluginManager: Mounting plugin DataValidation
LogPluginManager: Mounting plugin FacialAnimation
LogPluginManager: Mounting plugin GameplayTagsEditor
LogPluginManager: Mounting plugin GeometryMode
LogPluginManager: Mounting plugin MacGraphicsSwitching
LogPluginManager: Mounting plugin MaterialAnalyzer
LogPluginManager: Mounting plugin MobileLauncherProfileWizard
LogPluginManager: Mounting plugin PluginBrowser
LogPluginManager: Mounting plugin SpeedTreeImporter
LogPluginManager: Mounting plugin DatasmithContent
LogPluginManager: Mounting plugin VariantManagerContent
LogPluginManager: Mounting plugin AlembicImporter
LogPluginManager: Mounting plugin AutomationUtils
LogPluginManager: Mounting plugin BackChannel
LogPluginManager: Mounting plugin ChaosCloth
LogPluginManager: Mounting plugin ChaosClothEditor
LogPluginManager: Mounting plugin ChaosEditor
LogPluginManager: Mounting plugin ChaosNiagara
LogPluginManager: Mounting plugin ChaosSolverPlugin
LogPluginManager: Mounting plugin CharacterAI
LogPluginManager: Mounting plugin GeometryCache
LogPluginManager: Mounting plugin GeometryCollectionPlugin
LogPluginManager: Mounting plugin GeometryProcessing
LogPluginManager: Mounting plugin MotoSynth
LogPluginManager: Mounting plugin OpenImageDenoise
LogPluginManager: Mounting plugin PlanarCut
LogPluginManager: Mounting plugin ProxyLODPlugin
LogPluginManager: Mounting plugin PlatformCrypto
LogPluginManager: Mounting plugin PythonScriptPlugin
LogPluginManager: Mounting plugin SkeletalReduction
LogPluginManager: Mounting plugin Niagara
LogPluginManager: Mounting plugin LuminPlatformFeatures
LogPluginManager: Mounting plugin MagicLeap
LogPluginManager: Mounting plugin MagicLeapLightEstimation
LogPluginManager: Mounting plugin MagicLeapMedia
LogPluginManager: Mounting plugin MagicLeapPassableWorld
LogPluginManager: Mounting plugin MLSDK
LogPluginManager: Mounting plugin AndroidMedia
LogPluginManager: Mounting plugin AvfMedia
LogPluginManager: Mounting plugin ImgMedia
LogPluginManager: Mounting plugin MediaCompositing
LogPluginManager: Mounting plugin MediaPlayerEditor
LogPluginManager: Mounting plugin WebMMedia
LogPluginManager: Mounting plugin WmfMedia
LogPluginManager: Mounting plugin TcpMessaging
LogPluginManager: Mounting plugin UdpMessaging
LogPluginManager: Mounting plugin LevelSequenceEditor
LogPluginManager: Mounting plugin MatineeToLevelSequence
LogPluginManager: Mounting plugin ActorSequence
LogPluginManager: Mounting plugin TemplateSequence
LogPluginManager: Mounting plugin OnlineSubsystem
LogPluginManager: Mounting plugin OnlineSubsystemNull
LogPluginManager: Mounting plugin OnlineSubsystemUtils
LogPluginManager: Mounting plugin LauncherChunkInstaller
LogPluginManager: Mounting plugin ActorLayerUtilities
LogPluginManager: Mounting plugin AndroidDeviceProfileSelector
LogPluginManager: Mounting plugin AndroidMoviePlayer
LogPluginManager: Mounting plugin AndroidPermission
LogPluginManager: Mounting plugin AppleImageUtils
LogPluginManager: Mounting plugin AppleMoviePlayer
LogPluginManager: Mounting plugin AssetTags
LogPluginManager: Mounting plugin ArchVisCharacter
LogPluginManager: Mounting plugin AudioCapture
LogPluginManager: Mounting plugin CableComponent
LogPluginManager: Mounting plugin AudioSynesthesia
LogPluginManager: Mounting plugin ChunkDownloader
LogPluginManager: Mounting plugin CustomMeshComponent
LogPluginManager: Mounting plugin EditableMesh
LogPluginManager: Mounting plugin ExampleDeviceProfileSelector
LogPluginManager: Mounting plugin GoogleCloudMessaging
LogPluginManager: Mounting plugin GooglePAD
LogPluginManager: Mounting plugin HDRIBackdrop
LogPluginManager: Mounting plugin IOSDeviceProfileSelector
LogPluginManager: Mounting plugin LinuxDeviceProfileSelector
LogPluginManager: Mounting plugin LocationServicesBPLibrary
LogPluginManager: Mounting plugin MobilePatchingUtils
LogPluginManager: Mounting plugin OpenXR
LogPluginManager: Mounting plugin OpenXREyeTracker
LogPluginManager: Mounting plugin OpenXRHandTracking
LogPluginManager: Mounting plugin PhysXVehicles
LogPluginManager: Mounting plugin ProceduralMeshComponent
LogPluginManager: Mounting plugin PropertyAccessEditor
LogPluginManager: Mounting plugin RuntimePhysXCooking
LogPluginManager: Mounting plugin SignificanceManager
LogPluginManager: Mounting plugin SoundFields
LogPluginManager: Mounting plugin PostSplashScreen
LogPluginManager: Mounting plugin Synthesis
LogPluginManager: Mounting plugin WebMMoviePlayer
LogPluginManager: Mounting plugin WindowsMoviePlayer
LogPluginManager: Mounting plugin ScreenshotTools
LogPluginManager: Mounting plugin Takes
LogPluginManager: Mounting plugin ContentBrowserAssetDataSource
LogPluginManager: Mounting plugin ContentBrowserClassDataSource
LogPluginManager: Mounting plugin ContentBrowserFileDataSource
LogPluginManager: Mounting plugin OnlineSubsystemGooglePlay
LogPluginManager: Mounting plugin OnlineSubsystemIOS
PixWinPlugin: PIX capture plugin failed to initialize! Check that the process is launched from PIX.
LogInit: Using libcurl 7.55.1-DEV
LogInit:  - built for x86_64-pc-win32
LogInit:  - supports SSL with OpenSSL/1.1.1
LogInit:  - supports HTTP deflate (compression) using libz 1.2.8
LogInit:  - other features:
LogInit:      CURL_VERSION_SSL
LogInit:      CURL_VERSION_LIBZ
LogInit:      CURL_VERSION_IPV6
LogInit:      CURL_VERSION_ASYNCHDNS
LogInit:      CURL_VERSION_LARGEFILE
LogInit:      CURL_VERSION_IDN
LogInit:  CurlRequestOptions (configurable via config and command line):
LogInit:  - bVerifyPeer = true  - Libcurl will verify peer certificate
LogInit:  - bUseHttpProxy = false  - Libcurl will NOT use HTTP proxy
LogInit:  - bDontReuseConnections = false  - Libcurl will reuse connections
LogInit:  - MaxHostConnections = 16  - Libcurl will limit the number of connections to a host
LogInit:  - LocalHostAddr = Default
LogInit:  - BufferSize = 65536
LogOnline: OSS: Creating online subsystem instance for: NULL
LogInit: WinSock: version 1.1 (2.2), MaxSocks=32767, MaxUdp=65467
LogOnline: OSS: TryLoadSubsystemAndSetDefault: Loaded subsystem for module [NULL]
LogInit: Build: ++UE4+Release-4.27-CL-18319896
LogInit: Engine Version: 4.27.2-18319896+++UE4+Release-4.27
LogInit: Compatible Engine Version: 4.27.0-17155196+++UE4+Release-4.27
LogInit: Net CL: 17155196
LogInit: OS: Windows 10 (Release 2009) (), CPU: Intel(R) Core(TM) i5-9400F CPU @ 2.90GHz, GPU: NVIDIA GeForce GTX 1060 6GB
LogInit: Compiled (64-bit): Nov 30 2021 07:12:08
LogInit: Compiled with Visual C++: 19.24.28315.00
LogInit: Build Configuration: Development
LogInit: Branch Name: ++UE4+Release-4.27
LogInit: Command Line:  127.0.0.1:17777 -game -PIEVIACONSOLE -Multiprocess "GameUserSettingsINI=H:/UE4 Projects/GamesEducationCourse/Task6_14_02_2022/Saved/Config/Windows/PIEGameUserSettings1.ini" -MultiprocessSaveConfig -forcepassthrough -messaging -SessionName="Play in Standalone Game" -windowed -WinX=0 -WinY=24 SAVEWINPOS=1 -ResX=640 -ResY=480
LogInit: Base Directory: H:/UE_4.27/Engine/Binaries/Win64/
LogInit: Allocator: TBB
LogInit: Installed Engine Build: 1
LogDevObjectVersion: Number of dev versions registered: 29
LogDevObjectVersion:   Dev-Blueprints (B0D832E4-1F89-4F0D-ACCF-7EB736FD4AA2): 10
LogDevObjectVersion:   Dev-Build (E1C64328-A22C-4D53-A36C-8E866417BD8C): 0
LogDevObjectVersion:   Dev-Core (375EC13C-06E4-48FB-B500-84F0262A717E): 4
LogDevObjectVersion:   Dev-Editor (E4B068ED-F494-42E9-A231-DA0B2E46BB41): 40
LogDevObjectVersion:   Dev-Framework (CFFC743F-43B0-4480-9391-14DF171D2073): 37
LogDevObjectVersion:   Dev-Mobile (B02B49B5-BB20-44E9-A304-32B752E40360): 3
LogDevObjectVersion:   Dev-Networking (A4E4105C-59A1-49B5-A7C5-40C4547EDFEE): 0
LogDevObjectVersion:   Dev-Online (39C831C9-5AE6-47DC-9A44-9C173E1C8E7C): 0
LogDevObjectVersion:   Dev-Physics (78F01B33-EBEA-4F98-B9B4-84EACCB95AA2): 14
LogDevObjectVersion:   Dev-Platform (6631380F-2D4D-43E0-8009-CF276956A95A): 0
LogDevObjectVersion:   Dev-Rendering (12F88B9F-8875-4AFC-A67C-D90C383ABD29): 45
LogDevObjectVersion:   Dev-Sequencer (7B5AE74C-D270-4C10-A958-57980B212A5A): 13
LogDevObjectVersion:   Dev-VR (D7296918-1DD6-4BDD-9DE2-64A83CC13884): 3
LogDevObjectVersion:   Dev-LoadTimes (C2A15278-BFE7-4AFE-6C17-90FF531DF755): 1
LogDevObjectVersion:   Private-Geometry (6EACA3D4-40EC-4CC1-B786-8BED09428FC5): 3
LogDevObjectVersion:   Dev-AnimPhys (29E575DD-E0A3-4627-9D10-D276232CDCEA): 17
LogDevObjectVersion:   Dev-Anim (AF43A65D-7FD3-4947-9873-3E8ED9C1BB05): 15
LogDevObjectVersion:   Dev-ReflectionCapture (6B266CEC-1EC7-4B8F-A30B-E4D90942FC07): 1
LogDevObjectVersion:   Dev-Automation (0DF73D61-A23F-47EA-B727-89E90C41499A): 1
LogDevObjectVersion:   FortniteMain (601D1886-AC64-4F84-AA16-D3DE0DEAC7D6): 47
LogDevObjectVersion:   FortniteRelease (E7086368-6B23-4C58-8439-1B7016265E91): 1
LogDevObjectVersion:   Dev-Enterprise (9DFFBCD6-494F-0158-E221-12823C92A888): 10
LogDevObjectVersion:   Dev-Niagara (F2AED0AC-9AFE-416F-8664-AA7FFA26D6FC): 1
LogDevObjectVersion:   Dev-Destruction (174F1F0B-B4C6-45A5-B13F-2EE8D0FB917D): 10
LogDevObjectVersion:   Dev-Physics-Ext (35F94A83-E258-406C-A318-09F59610247C): 41
LogDevObjectVersion:   Dev-PhysicsMaterial-Chaos (B68FC16E-8B1B-42E2-B453-215C058844FE): 1
LogDevObjectVersion:   Dev-CineCamera (B2E18506-4273-CFC2-A54E-F4BB758BBA07): 1
LogDevObjectVersion:   Dev-VirtualProduction (64F58936-FD1B-42BA-BA96-7289D5D0FA4E): 1
LogDevObjectVersion:   Dev-MediaFramework (6F0ED827-A609-4895-9C91-998D90180EA4): 2
LogInit: Presizing for max 25165824 objects, including 0 objects not considered by GC, pre-allocating 0 bytes for permanent pool.
LogConfig: Applying CVar settings from Section [/Script/Engine.StreamingSettings] File [H:/UE4 Projects/GamesEducationCourse/Task6_14_02_2022/Saved/Config/Windows/Engine.ini]
LogConfig: Setting CVar [[s.MinBulkDataSizeForAsyncLoading:131072]]
LogConfig: Setting CVar [[s.AsyncLoadingThreadEnabled:0]]
LogConfig: Setting CVar [[s.EventDrivenLoaderEnabled:1]]
LogConfig: Setting CVar [[s.WarnIfTimeLimitExceeded:0]]
LogConfig: Setting CVar [[s.TimeLimitExceededMultiplier:1.5]]
LogConfig: Setting CVar [[s.TimeLimitExceededMinTime:0.005]]
LogConfig: Setting CVar [[s.UseBackgroundLevelStreaming:1]]
LogConfig: Setting CVar [[s.PriorityAsyncLoadingExtraTime:15.0]]
LogConfig: Setting CVar [[s.LevelStreamingActorsUpdateTimeLimit:5.0]]
LogConfig: Setting CVar [[s.PriorityLevelStreamingActorsUpdateExtraTime:5.0]]
LogConfig: Setting CVar [[s.LevelStreamingComponentsRegistrationGranularity:10]]
LogConfig: Setting CVar [[s.UnregisterComponentsTimeLimit:1.0]]
LogConfig: Setting CVar [[s.LevelStreamingComponentsUnregistrationGranularity:5]]
LogConfig: Setting CVar [[s.FlushStreamingOnExit:1]]
LogInit: Object subsystem initialized
LogConfig: Setting CVar [[con.DebugEarlyDefault:1]]
LogConfig: Setting CVar [[r.setres:1280x720]]
[2022.02.15-20.18.55:675][  0]LogConfig: Setting CVar [[con.DebugEarlyDefault:1]]
[2022.02.15-20.18.55:675][  0]LogConfig: Setting CVar [[r.setres:1280x720]]
[2022.02.15-20.18.55:675][  0]LogConfig: Applying CVar settings from Section [/Script/Engine.RendererSettings] File [H:/UE4 Projects/GamesEducationCourse/Task6_14_02_2022/Saved/Config/Windows/Engine.ini]
[2022.02.15-20.18.55:675][  0]LogConfig: Setting CVar [[r.GPUCrashDebugging:0]]
[2022.02.15-20.18.55:675][  0]LogConfig: Applying CVar settings from Section [/Script/Engine.RendererOverrideSettings] File [H:/UE4 Projects/GamesEducationCourse/Task6_14_02_2022/Saved/Config/Windows/Engine.ini]
[2022.02.15-20.18.55:675][  0]LogConfig: Applying CVar settings from Section [/Script/Engine.StreamingSettings] File [H:/UE4 Projects/GamesEducationCourse/Task6_14_02_2022/Saved/Config/Windows/Engine.ini]
[2022.02.15-20.18.55:675][  0]LogConfig: Setting CVar [[s.MinBulkDataSizeForAsyncLoading:131072]]
[2022.02.15-20.18.55:675][  0]LogConfig: Setting CVar [[s.AsyncLoadingThreadEnabled:0]]
[2022.02.15-20.18.55:675][  0]LogConfig: Setting CVar [[s.EventDrivenLoaderEnabled:1]]
[2022.02.15-20.18.55:675][  0]LogConfig: Setting CVar [[s.WarnIfTimeLimitExceeded:0]]
[2022.02.15-20.18.55:675][  0]LogConfig: Setting CVar [[s.TimeLimitExceededMultiplier:1.5]]
[2022.02.15-20.18.55:675][  0]LogConfig: Setting CVar [[s.TimeLimitExceededMinTime:0.005]]
[2022.02.15-20.18.55:675][  0]LogConfig: Setting CVar [[s.UseBackgroundLevelStreaming:1]]
[2022.02.15-20.18.55:675][  0]LogConfig: Setting CVar [[s.PriorityAsyncLoadingExtraTime:15.0]]
[2022.02.15-20.18.55:675][  0]LogConfig: Setting CVar [[s.LevelStreamingActorsUpdateTimeLimit:5.0]]
[2022.02.15-20.18.55:675][  0]LogConfig: Setting CVar [[s.PriorityLevelStreamingActorsUpdateExtraTime:5.0]]
[2022.02.15-20.18.55:675][  0]LogConfig: Setting CVar [[s.LevelStreamingComponentsRegistrationGranularity:10]]
[2022.02.15-20.18.55:675][  0]LogConfig: Setting CVar [[s.UnregisterComponentsTimeLimit:1.0]]
[2022.02.15-20.18.55:675][  0]LogConfig: Setting CVar [[s.LevelStreamingComponentsUnregistrationGranularity:5]]
[2022.02.15-20.18.55:675][  0]LogConfig: Setting CVar [[s.FlushStreamingOnExit:1]]
[2022.02.15-20.18.55:675][  0]LogConfig: Applying CVar settings from Section [/Script/Engine.GarbageCollectionSettings] File [H:/UE4 Projects/GamesEducationCourse/Task6_14_02_2022/Saved/Config/Windows/Engine.ini]
[2022.02.15-20.18.55:675][  0]LogConfig: Setting CVar [[gc.MaxObjectsNotConsideredByGC:1]]
[2022.02.15-20.18.55:675][  0]LogConfig: Setting CVar [[gc.SizeOfPermanentObjectPool:0]]
[2022.02.15-20.18.55:675][  0]LogConfig: Setting CVar [[gc.FlushStreamingOnGC:0]]
[2022.02.15-20.18.55:675][  0]LogConfig: Setting CVar [[gc.NumRetriesBeforeForcingGC:10]]
[2022.02.15-20.18.55:675][  0]LogConfig: Setting CVar [[gc.AllowParallelGC:1]]
[2022.02.15-20.18.55:675][  0]LogConfig: Setting CVar [[gc.TimeBetweenPurgingPendingKillObjects:61.1]]
[2022.02.15-20.18.55:675][  0]LogConfig: Setting CVar [[gc.MaxObjectsInEditor:25165824]]
[2022.02.15-20.18.55:675][  0]LogConfig: Setting CVar [[gc.IncrementalBeginDestroyEnabled:1]]
[2022.02.15-20.18.55:675][  0]LogConfig: Setting CVar [[gc.CreateGCClusters:1]]
[2022.02.15-20.18.55:675][  0]LogConfig: Setting CVar [[gc.MinGCClusterSize:5]]
[2022.02.15-20.18.55:675][  0]LogConfig: Setting CVar [[gc.ActorClusteringEnabled:0]]
[2022.02.15-20.18.55:675][  0]LogConfig: Setting CVar [[gc.BlueprintClusteringEnabled:0]]
[2022.02.15-20.18.55:675][  0]LogConfig: Setting CVar [[gc.UseDisregardForGCOnDedicatedServers:0]]
[2022.02.15-20.18.55:675][  0]LogConfig: Setting CVar [[gc.MultithreadedDestructionEnabled:1]]
[2022.02.15-20.18.55:675][  0]LogConfig: Applying CVar settings from Section [/Script/Engine.NetworkSettings] File [H:/UE4 Projects/GamesEducationCourse/Task6_14_02_2022/Saved/Config/Windows/Engine.ini]
[2022.02.15-20.18.55:675][  0]LogConfig: Applying CVar settings from Section [/Script/UnrealEd.CookerSettings] File [H:/UE4 Projects/GamesEducationCourse/Task6_14_02_2022/Saved/Config/Windows/Engine.ini]
[2022.02.15-20.18.55:699][  0]LogConfig: Applying CVar settings from Section [ViewDistanceQuality@3] File [H:/UE4 Projects/GamesEducationCourse/Task6_14_02_2022/Saved/Config/Windows/Scalability.ini]
[2022.02.15-20.18.55:699][  0]LogConfig: Setting CVar [[r.SkeletalMeshLODBias:0]]
[2022.02.15-20.18.55:699][  0]LogConfig: Setting CVar [[r.ViewDistanceScale:1.0]]
[2022.02.15-20.18.55:699][  0]LogConfig: Applying CVar settings from Section [AntiAliasingQuality@3] File [H:/UE4 Projects/GamesEducationCourse/Task6_14_02_2022/Saved/Config/Windows/Scalability.ini]
[2022.02.15-20.18.55:699][  0]LogConfig: Setting CVar [[r.PostProcessAAQuality:4]]
[2022.02.15-20.18.55:699][  0]LogConfig: Applying CVar settings from Section [ShadowQuality@3] File [H:/UE4 Projects/GamesEducationCourse/Task6_14_02_2022/Saved/Config/Windows/Scalability.ini]
[2022.02.15-20.18.55:699][  0]LogConfig: Setting CVar [[r.LightFunctionQuality:1]]
[2022.02.15-20.18.55:699][  0]LogConfig: Setting CVar [[r.ShadowQuality:5]]
[2022.02.15-20.18.55:699][  0]LogConfig: Setting CVar [[r.Shadow.CSM.MaxCascades:10]]
[2022.02.15-20.18.55:699][  0]LogConfig: Setting CVar [[r.Shadow.MaxResolution:2048]]
[2022.02.15-20.18.55:699][  0]LogConfig: Setting CVar [[r.Shadow.MaxCSMResolution:2048]]
[2022.02.15-20.18.55:699][  0]LogConfig: Setting CVar [[r.Shadow.RadiusThreshold:0.01]]
[2022.02.15-20.18.55:699][  0]LogConfig: Setting CVar [[r.Shadow.DistanceScale:1.0]]
[2022.02.15-20.18.55:699][  0]LogConfig: Setting CVar [[r.Shadow.CSM.TransitionScale:1.0]]
[2022.02.15-20.18.55:699][  0]LogConfig: Setting CVar [[r.Shadow.PreShadowResolutionFactor:1.0]]
[2022.02.15-20.18.55:699][  0]LogConfig: Setting CVar [[r.DistanceFieldShadowing:1]]
[2022.02.15-20.18.55:699][  0]LogConfig: Setting CVar [[r.DistanceFieldAO:1]]
[2022.02.15-20.18.55:699][  0]LogConfig: Setting CVar [[r.AOQuality:2]]
[2022.02.15-20.18.55:699][  0]LogConfig: Setting CVar [[r.VolumetricFog:1]]
[2022.02.15-20.18.55:699][  0]LogConfig: Setting CVar [[r.VolumetricFog.GridPixelSize:8]]
[2022.02.15-20.18.55:699][  0]LogConfig: Setting CVar [[r.VolumetricFog.GridSizeZ:128]]
[2022.02.15-20.18.55:699][  0]LogConfig: Setting CVar [[r.VolumetricFog.HistoryMissSupersampleCount:4]]
[2022.02.15-20.18.55:699][  0]LogConfig: Setting CVar [[r.LightMaxDrawDistanceScale:1]]
[2022.02.15-20.18.55:699][  0]LogConfig: Setting CVar [[r.CapsuleShadows:1]]
[2022.02.15-20.18.55:699][  0]LogConfig: Applying CVar settings from Section [PostProcessQuality@3] File [H:/UE4 Projects/GamesEducationCourse/Task6_14_02_2022/Saved/Config/Windows/Scalability.ini]
[2022.02.15-20.18.55:699][  0]LogConfig: Setting CVar [[r.MotionBlurQuality:4]]
[2022.02.15-20.18.55:699][  0]LogConfig: Setting CVar [[r.AmbientOcclusionMipLevelFactor:0.4]]
[2022.02.15-20.18.55:699][  0]LogConfig: Setting CVar [[r.AmbientOcclusionMaxQuality:100]]
[2022.02.15-20.18.55:699][  0]LogConfig: Setting CVar [[r.AmbientOcclusionLevels:-1]]
[2022.02.15-20.18.55:699][  0]LogConfig: Setting CVar [[r.AmbientOcclusionRadiusScale:1.0]]
[2022.02.15-20.18.55:699][  0]LogConfig: Setting CVar [[r.DepthOfFieldQuality:2]]
[2022.02.15-20.18.55:699][  0]LogConfig: Setting CVar [[r.RenderTargetPoolMin:400]]
[2022.02.15-20.18.55:699][  0]LogConfig: Setting CVar [[r.LensFlareQuality:2]]
[2022.02.15-20.18.55:699][  0]LogConfig: Setting CVar [[r.SceneColorFringeQuality:1]]
[2022.02.15-20.18.55:699][  0]LogConfig: Setting CVar [[r.EyeAdaptationQuality:2]]
[2022.02.15-20.18.55:699][  0]LogConfig: Setting CVar [[r.BloomQuality:5]]
[2022.02.15-20.18.55:699][  0]LogConfig: Setting CVar [[r.FastBlurThreshold:100]]
[2022.02.15-20.18.55:699][  0]LogConfig: Setting CVar [[r.Upscale.Quality:3]]
[2022.02.15-20.18.55:699][  0]LogConfig: Setting CVar [[r.Tonemapper.GrainQuantization:1]]
[2022.02.15-20.18.55:699][  0]LogConfig: Setting CVar [[r.LightShaftQuality:1]]
[2022.02.15-20.18.55:699][  0]LogConfig: Setting CVar [[r.Filter.SizeScale:1]]
[2022.02.15-20.18.55:699][  0]LogConfig: Setting CVar [[r.Tonemapper.Quality:5]]
[2022.02.15-20.18.55:699][  0]LogConfig: Setting CVar [[r.DOF.Gather.AccumulatorQuality:1        ; higher gathering accumulator quality]]
[2022.02.15-20.18.55:699][  0]LogConfig: Setting CVar [[r.DOF.Gather.PostfilterMethod:1          ; Median3x3 postfilering method]]
[2022.02.15-20.18.55:699][  0]LogConfig: Setting CVar [[r.DOF.Gather.EnableBokehSettings:0       ; no bokeh simulation when gathering]]
[2022.02.15-20.18.55:699][  0]LogConfig: Setting CVar [[r.DOF.Gather.RingCount:4                 ; medium number of samples when gathering]]
[2022.02.15-20.18.55:699][  0]LogConfig: Setting CVar [[r.DOF.Scatter.ForegroundCompositing:1    ; additive foreground scattering]]
[2022.02.15-20.18.55:699][  0]LogConfig: Setting CVar [[r.DOF.Scatter.BackgroundCompositing:2    ; additive background scattering]]
[2022.02.15-20.18.55:700][  0]LogConfig: Setting CVar [[r.DOF.Scatter.EnableBokehSettings:1      ; bokeh simulation when scattering]]
[2022.02.15-20.18.55:700][  0]LogConfig: Setting CVar [[r.DOF.Scatter.MaxSpriteRatio:0.1         ; only a maximum of 10% of scattered bokeh]]
[2022.02.15-20.18.55:700][  0]LogConfig: Setting CVar [[r.DOF.Recombine.Quality:1                ; cheap slight out of focus]]
[2022.02.15-20.18.55:700][  0]LogConfig: Setting CVar [[r.DOF.Recombine.EnableBokehSettings:0    ; no bokeh simulation on slight out of focus]]
[2022.02.15-20.18.55:700][  0]LogConfig: Setting CVar [[r.DOF.TemporalAAQuality:1                ; more stable temporal accumulation]]
[2022.02.15-20.18.55:700][  0]LogConfig: Setting CVar [[r.DOF.Kernel.MaxForegroundRadius:0.025]]
[2022.02.15-20.18.55:700][  0]LogConfig: Setting CVar [[r.DOF.Kernel.MaxBackgroundRadius:0.025]]
[2022.02.15-20.18.55:700][  0]LogConfig: Applying CVar settings from Section [TextureQuality@3] File [H:/UE4 Projects/GamesEducationCourse/Task6_14_02_2022/Saved/Config/Windows/Scalability.ini]
[2022.02.15-20.18.55:700][  0]LogConfig: Setting CVar [[r.Streaming.MipBias:0]]
[2022.02.15-20.18.55:700][  0]LogConfig: Setting CVar [[r.Streaming.AmortizeCPUToGPUCopy:0]]
[2022.02.15-20.18.55:700][  0]LogConfig: Setting CVar [[r.Streaming.MaxNumTexturesToStreamPerFrame:0]]
[2022.02.15-20.18.55:700][  0]LogConfig: Setting CVar [[r.Streaming.Boost:1]]
[2022.02.15-20.18.55:700][  0]LogConfig: Setting CVar [[r.MaxAnisotropy:8]]
[2022.02.15-20.18.55:700][  0]LogConfig: Setting CVar [[r.VT.MaxAnisotropy:8]]
[2022.02.15-20.18.55:700][  0]LogConfig: Setting CVar [[r.Streaming.LimitPoolSizeToVRAM:0]]
[2022.02.15-20.18.55:700][  0]LogConfig: Setting CVar [[r.Streaming.PoolSize:1000]]
[2022.02.15-20.18.55:700][  0]LogConfig: Setting CVar [[r.Streaming.MaxEffectiveScreenSize:0]]
[2022.02.15-20.18.55:700][  0]LogConfig: Applying CVar settings from Section [EffectsQuality@3] File [H:/UE4 Projects/GamesEducationCourse/Task6_14_02_2022/Saved/Config/Windows/Scalability.ini]
[2022.02.15-20.18.55:700][  0]LogConfig: Setting CVar [[r.TranslucencyLightingVolumeDim:64]]
[2022.02.15-20.18.55:700][  0]LogConfig: Setting CVar [[r.RefractionQuality:2]]
[2022.02.15-20.18.55:700][  0]LogConfig: Setting CVar [[r.SSR.Quality:3]]
[2022.02.15-20.18.55:700][  0]LogConfig: Setting CVar [[r.SSR.HalfResSceneColor:0]]
[2022.02.15-20.18.55:700][  0]LogConfig: Setting CVar [[r.SceneColorFormat:4]]
[2022.02.15-20.18.55:700][  0]LogConfig: Setting CVar [[r.DetailMode:2]]
[2022.02.15-20.18.55:700][  0]LogConfig: Setting CVar [[r.TranslucencyVolumeBlur:1]]
[2022.02.15-20.18.55:700][  0]LogConfig: Setting CVar [[r.MaterialQualityLevel:1 ; High quality]]
[2022.02.15-20.18.55:700][  0]LogConfig: Setting CVar [[r.AnisotropicMaterials:1]]
[2022.02.15-20.18.55:700][  0]LogConfig: Setting CVar [[r.SSS.Scale:1]]
[2022.02.15-20.18.55:700][  0]LogConfig: Setting CVar [[r.SSS.SampleSet:2]]
[2022.02.15-20.18.55:700][  0]LogConfig: Setting CVar [[r.SSS.Quality:1]]
[2022.02.15-20.18.55:700][  0]LogConfig: Setting CVar [[r.SSS.HalfRes:0]]
[2022.02.15-20.18.55:700][  0]LogConfig: Setting CVar [[r.SSGI.Quality:3]]
[2022.02.15-20.18.55:700][  0]LogConfig: Setting CVar [[r.EmitterSpawnRateScale:1.0]]
[2022.02.15-20.18.55:700][  0]LogConfig: Setting CVar [[r.ParticleLightQuality:2]]
[2022.02.15-20.18.55:700][  0]LogConfig: Setting CVar [[r.SkyAtmosphere.AerialPerspectiveLUT.FastApplyOnOpaque:1 ; Always have FastSkyLUT 1 in this case to avoid wrong sky]]
[2022.02.15-20.18.55:700][  0]LogConfig: Setting CVar [[r.SkyAtmosphere.AerialPerspectiveLUT.SampleCountMaxPerSlice:4]]
[2022.02.15-20.18.55:700][  0]LogConfig: Setting CVar [[r.SkyAtmosphere.AerialPerspectiveLUT.DepthResolution:16.0]]
[2022.02.15-20.18.55:700][  0]LogConfig: Setting CVar [[r.SkyAtmosphere.FastSkyLUT:1]]
[2022.02.15-20.18.55:700][  0]LogConfig: Setting CVar [[r.SkyAtmosphere.FastSkyLUT.SampleCountMin:4.0]]
[2022.02.15-20.18.55:700][  0]LogConfig: Setting CVar [[r.SkyAtmosphere.FastSkyLUT.SampleCountMax:128.0]]
[2022.02.15-20.18.55:700][  0]LogConfig: Setting CVar [[r.SkyAtmosphere.SampleCountMin:4.0]]
[2022.02.15-20.18.55:700][  0]LogConfig: Setting CVar [[r.SkyAtmosphere.SampleCountMax:128.0]]
[2022.02.15-20.18.55:700][  0]LogConfig: Setting CVar [[r.SkyAtmosphere.TransmittanceLUT.UseSmallFormat:0]]
[2022.02.15-20.18.55:700][  0]LogConfig: Setting CVar [[r.SkyAtmosphere.TransmittanceLUT.SampleCount:10.0]]
[2022.02.15-20.18.55:700][  0]LogConfig: Setting CVar [[r.SkyAtmosphere.MultiScatteringLUT.SampleCount:15.0]]
[2022.02.15-20.18.55:700][  0]LogConfig: Setting CVar [[r.SkyLight.RealTimeReflectionCapture:1]]
[2022.02.15-20.18.55:700][  0]LogConfig: Applying CVar settings from Section [FoliageQuality@3] File [H:/UE4 Projects/GamesEducationCourse/Task6_14_02_2022/Saved/Config/Windows/Scalability.ini]
[2022.02.15-20.18.55:700][  0]LogConfig: Setting CVar [[foliage.DensityScale:1.0]]
[2022.02.15-20.18.55:700][  0]LogConfig: Setting CVar [[grass.DensityScale:1.0]]
[2022.02.15-20.18.55:700][  0]LogConfig: Applying CVar settings from Section [ShadingQuality@3] File [H:/UE4 Projects/GamesEducationCourse/Task6_14_02_2022/Saved/Config/Windows/Scalability.ini]
[2022.02.15-20.18.55:701][  0]LogConfig: Setting CVar [[r.HairStrands.SkyLighting.IntegrationType:2]]
[2022.02.15-20.18.55:701][  0]LogConfig: Setting CVar [[r.HairStrands.SkyAO.SampleCount:4]]
[2022.02.15-20.18.55:701][  0]LogConfig: Setting CVar [[r.HairStrands.Visibility.MSAA.SamplePerPixel:4]]
[2022.02.15-20.18.55:701][  0]LogInit: Selected Device Profile: [Windows]
[2022.02.15-20.18.55:701][  0]LogInit: Applying CVar settings loaded from the selected device profile: [Windows]
[2022.02.15-20.18.55:701][  0]LogHAL: Display: Platform has ~ 16 GB [17115078656 / 17179869184 / 16], which maps to Larger [LargestMinGB=32, LargerMinGB=12, DefaultMinGB=8, SmallerMinGB=6, SmallestMinGB=0)
[2022.02.15-20.18.55:701][  0]LogInit: Going up to parent DeviceProfile []
[2022.02.15-20.18.55:701][  0]LogConfig: Applying CVar settings from Section [ViewDistanceQuality@3] File [H:/UE4 Projects/GamesEducationCourse/Task6_14_02_2022/Saved/Config/Windows/Scalability.ini]
[2022.02.15-20.18.55:701][  0]LogConfig: Setting CVar [[r.SkeletalMeshLODBias:0]]
[2022.02.15-20.18.55:701][  0]LogConfig: Setting CVar [[r.ViewDistanceScale:1.0]]
[2022.02.15-20.18.55:702][  0]LogConfig: Applying CVar settings from Section [AntiAliasingQuality@3] File [H:/UE4 Projects/GamesEducationCourse/Task6_14_02_2022/Saved/Config/Windows/Scalability.ini]
[2022.02.15-20.18.55:702][  0]LogConfig: Setting CVar [[r.PostProcessAAQuality:4]]
[2022.02.15-20.18.55:702][  0]LogConfig: Applying CVar settings from Section [ShadowQuality@3] File [H:/UE4 Projects/GamesEducationCourse/Task6_14_02_2022/Saved/Config/Windows/Scalability.ini]
[2022.02.15-20.18.55:702][  0]LogConfig: Setting CVar [[r.LightFunctionQuality:1]]
[2022.02.15-20.18.55:702][  0]LogConfig: Setting CVar [[r.ShadowQuality:5]]
[2022.02.15-20.18.55:702][  0]LogConfig: Setting CVar [[r.Shadow.CSM.MaxCascades:10]]
[2022.02.15-20.18.55:702][  0]LogConfig: Setting CVar [[r.Shadow.MaxResolution:2048]]
[2022.02.15-20.18.55:702][  0]LogConfig: Setting CVar [[r.Shadow.MaxCSMResolution:2048]]
[2022.02.15-20.18.55:702][  0]LogConfig: Setting CVar [[r.Shadow.RadiusThreshold:0.01]]
[2022.02.15-20.18.55:702][  0]LogConfig: Setting CVar [[r.Shadow.DistanceScale:1.0]]
[2022.02.15-20.18.55:702][  0]LogConfig: Setting CVar [[r.Shadow.CSM.TransitionScale:1.0]]
[2022.02.15-20.18.55:702][  0]LogConfig: Setting CVar [[r.Shadow.PreShadowResolutionFactor:1.0]]
[2022.02.15-20.18.55:702][  0]LogConfig: Setting CVar [[r.DistanceFieldShadowing:1]]
[2022.02.15-20.18.55:702][  0]LogConfig: Setting CVar [[r.DistanceFieldAO:1]]
[2022.02.15-20.18.55:702][  0]LogConfig: Setting CVar [[r.AOQuality:2]]
[2022.02.15-20.18.55:702][  0]LogConfig: Setting CVar [[r.VolumetricFog:1]]
[2022.02.15-20.18.55:702][  0]LogConfig: Setting CVar [[r.VolumetricFog.GridPixelSize:8]]
[2022.02.15-20.18.55:702][  0]LogConfig: Setting CVar [[r.VolumetricFog.GridSizeZ:128]]
[2022.02.15-20.18.55:702][  0]LogConfig: Setting CVar [[r.VolumetricFog.HistoryMissSupersampleCount:4]]
[2022.02.15-20.18.55:702][  0]LogConfig: Setting CVar [[r.LightMaxDrawDistanceScale:1]]
[2022.02.15-20.18.55:702][  0]LogConfig: Setting CVar [[r.CapsuleShadows:1]]
[2022.02.15-20.18.55:702][  0]LogConfig: Applying CVar settings from Section [PostProcessQuality@3] File [H:/UE4 Projects/GamesEducationCourse/Task6_14_02_2022/Saved/Config/Windows/Scalability.ini]
[2022.02.15-20.18.55:702][  0]LogConfig: Setting CVar [[r.MotionBlurQuality:4]]
[2022.02.15-20.18.55:702][  0]LogConfig: Setting CVar [[r.AmbientOcclusionMipLevelFactor:0.4]]
[2022.02.15-20.18.55:702][  0]LogConfig: Setting CVar [[r.AmbientOcclusionMaxQuality:100]]
[2022.02.15-20.18.55:702][  0]LogConfig: Setting CVar [[r.AmbientOcclusionLevels:-1]]
[2022.02.15-20.18.55:702][  0]LogConfig: Setting CVar [[r.AmbientOcclusionRadiusScale:1.0]]
[2022.02.15-20.18.55:702][  0]LogConfig: Setting CVar [[r.DepthOfFieldQuality:2]]
[2022.02.15-20.18.55:702][  0]LogConfig: Setting CVar [[r.RenderTargetPoolMin:400]]
[2022.02.15-20.18.55:702][  0]LogConfig: Setting CVar [[r.LensFlareQuality:2]]
[2022.02.15-20.18.55:702][  0]LogConfig: Setting CVar [[r.SceneColorFringeQuality:1]]
[2022.02.15-20.18.55:702][  0]LogConfig: Setting CVar [[r.EyeAdaptationQuality:2]]
[2022.02.15-20.18.55:702][  0]LogConfig: Setting CVar [[r.BloomQuality:5]]
[2022.02.15-20.18.55:702][  0]LogConfig: Setting CVar [[r.FastBlurThreshold:100]]
[2022.02.15-20.18.55:702][  0]LogConfig: Setting CVar [[r.Upscale.Quality:3]]
[2022.02.15-20.18.55:702][  0]LogConfig: Setting CVar [[r.Tonemapper.GrainQuantization:1]]
[2022.02.15-20.18.55:702][  0]LogConfig: Setting CVar [[r.LightShaftQuality:1]]
[2022.02.15-20.18.55:702][  0]LogConfig: Setting CVar [[r.Filter.SizeScale:1]]
[2022.02.15-20.18.55:702][  0]LogConfig: Setting CVar [[r.Tonemapper.Quality:5]]
[2022.02.15-20.18.55:702][  0]LogConfig: Setting CVar [[r.DOF.Gather.AccumulatorQuality:1        ; higher gathering accumulator quality]]
[2022.02.15-20.18.55:702][  0]LogConfig: Setting CVar [[r.DOF.Gather.PostfilterMethod:1          ; Median3x3 postfilering method]]
[2022.02.15-20.18.55:702][  0]LogConfig: Setting CVar [[r.DOF.Gather.EnableBokehSettings:0       ; no bokeh simulation when gathering]]
[2022.02.15-20.18.55:702][  0]LogConfig: Setting CVar [[r.DOF.Gather.RingCount:4                 ; medium number of samples when gathering]]
[2022.02.15-20.18.55:702][  0]LogConfig: Setting CVar [[r.DOF.Scatter.ForegroundCompositing:1    ; additive foreground scattering]]
[2022.02.15-20.18.55:702][  0]LogConfig: Setting CVar [[r.DOF.Scatter.BackgroundCompositing:2    ; additive background scattering]]
[2022.02.15-20.18.55:702][  0]LogConfig: Setting CVar [[r.DOF.Scatter.EnableBokehSettings:1      ; bokeh simulation when scattering]]
[2022.02.15-20.18.55:702][  0]LogConfig: Setting CVar [[r.DOF.Scatter.MaxSpriteRatio:0.1         ; only a maximum of 10% of scattered bokeh]]
[2022.02.15-20.18.55:702][  0]LogConfig: Setting CVar [[r.DOF.Recombine.Quality:1                ; cheap slight out of focus]]
[2022.02.15-20.18.55:702][  0]LogConfig: Setting CVar [[r.DOF.Recombine.EnableBokehSettings:0    ; no bokeh simulation on slight out of focus]]
[2022.02.15-20.18.55:702][  0]LogConfig: Setting CVar [[r.DOF.TemporalAAQuality:1                ; more stable temporal accumulation]]
[2022.02.15-20.18.55:702][  0]LogConfig: Setting CVar [[r.DOF.Kernel.MaxForegroundRadius:0.025]]
[2022.02.15-20.18.55:702][  0]LogConfig: Setting CVar [[r.DOF.Kernel.MaxBackgroundRadius:0.025]]
[2022.02.15-20.18.55:702][  0]LogConfig: Applying CVar settings from Section [TextureQuality@3] File [H:/UE4 Projects/GamesEducationCourse/Task6_14_02_2022/Saved/Config/Windows/Scalability.ini]
[2022.02.15-20.18.55:702][  0]LogConfig: Setting CVar [[r.Streaming.MipBias:0]]
[2022.02.15-20.18.55:702][  0]LogConfig: Setting CVar [[r.Streaming.AmortizeCPUToGPUCopy:0]]
[2022.02.15-20.18.55:702][  0]LogConfig: Setting CVar [[r.Streaming.MaxNumTexturesToStreamPerFrame:0]]
[2022.02.15-20.18.55:702][  0]LogConfig: Setting CVar [[r.Streaming.Boost:1]]
[2022.02.15-20.18.55:702][  0]LogConfig: Setting CVar [[r.MaxAnisotropy:8]]
[2022.02.15-20.18.55:702][  0]LogConfig: Setting CVar [[r.VT.MaxAnisotropy:8]]
[2022.02.15-20.18.55:702][  0]LogConfig: Setting CVar [[r.Streaming.LimitPoolSizeToVRAM:0]]
[2022.02.15-20.18.55:702][  0]LogConfig: Setting CVar [[r.Streaming.PoolSize:1000]]
[2022.02.15-20.18.55:702][  0]LogConfig: Setting CVar [[r.Streaming.MaxEffectiveScreenSize:0]]
[2022.02.15-20.18.55:703][  0]LogConfig: Applying CVar settings from Section [EffectsQuality@3] File [H:/UE4 Projects/GamesEducationCourse/Task6_14_02_2022/Saved/Config/Windows/Scalability.ini]
[2022.02.15-20.18.55:703][  0]LogConfig: Setting CVar [[r.TranslucencyLightingVolumeDim:64]]
[2022.02.15-20.18.55:703][  0]LogConfig: Setting CVar [[r.RefractionQuality:2]]
[2022.02.15-20.18.55:703][  0]LogConfig: Setting CVar [[r.SSR.Quality:3]]
[2022.02.15-20.18.55:703][  0]LogConfig: Setting CVar [[r.SSR.HalfResSceneColor:0]]
[2022.02.15-20.18.55:703][  0]LogConfig: Setting CVar [[r.SceneColorFormat:4]]
[2022.02.15-20.18.55:703][  0]LogConfig: Setting CVar [[r.DetailMode:2]]
[2022.02.15-20.18.55:703][  0]LogConfig: Setting CVar [[r.TranslucencyVolumeBlur:1]]
[2022.02.15-20.18.55:703][  0]LogConfig: Setting CVar [[r.MaterialQualityLevel:1 ; High quality]]
[2022.02.15-20.18.55:703][  0]LogConfig: Setting CVar [[r.AnisotropicMaterials:1]]
[2022.02.15-20.18.55:703][  0]LogConfig: Setting CVar [[r.SSS.Scale:1]]
[2022.02.15-20.18.55:703][  0]LogConfig: Setting CVar [[r.SSS.SampleSet:2]]
[2022.02.15-20.18.55:703][  0]LogConfig: Setting CVar [[r.SSS.Quality:1]]
[2022.02.15-20.18.55:703][  0]LogConfig: Setting CVar [[r.SSS.HalfRes:0]]
[2022.02.15-20.18.55:703][  0]LogConfig: Setting CVar [[r.SSGI.Quality:3]]
[2022.02.15-20.18.55:703][  0]LogConfig: Setting CVar [[r.EmitterSpawnRateScale:1.0]]
[2022.02.15-20.18.55:703][  0]LogConfig: Setting CVar [[r.ParticleLightQuality:2]]
[2022.02.15-20.18.55:703][  0]LogConfig: Setting CVar [[r.SkyAtmosphere.AerialPerspectiveLUT.FastApplyOnOpaque:1 ; Always have FastSkyLUT 1 in this case to avoid wrong sky]]
[2022.02.15-20.18.55:703][  0]LogConfig: Setting CVar [[r.SkyAtmosphere.AerialPerspectiveLUT.SampleCountMaxPerSlice:4]]
[2022.02.15-20.18.55:703][  0]LogConfig: Setting CVar [[r.SkyAtmosphere.AerialPerspectiveLUT.DepthResolution:16.0]]
[2022.02.15-20.18.55:703][  0]LogConfig: Setting CVar [[r.SkyAtmosphere.FastSkyLUT:1]]
[2022.02.15-20.18.55:703][  0]LogConfig: Setting CVar [[r.SkyAtmosphere.FastSkyLUT.SampleCountMin:4.0]]
[2022.02.15-20.18.55:703][  0]LogConfig: Setting CVar [[r.SkyAtmosphere.FastSkyLUT.SampleCountMax:128.0]]
[2022.02.15-20.18.55:703][  0]LogConfig: Setting CVar [[r.SkyAtmosphere.SampleCountMin:4.0]]
[2022.02.15-20.18.55:703][  0]LogConfig: Setting CVar [[r.SkyAtmosphere.SampleCountMax:128.0]]
[2022.02.15-20.18.55:703][  0]LogConfig: Setting CVar [[r.SkyAtmosphere.TransmittanceLUT.UseSmallFormat:0]]
[2022.02.15-20.18.55:703][  0]LogConfig: Setting CVar [[r.SkyAtmosphere.TransmittanceLUT.SampleCount:10.0]]
[2022.02.15-20.18.55:703][  0]LogConfig: Setting CVar [[r.SkyAtmosphere.MultiScatteringLUT.SampleCount:15.0]]
[2022.02.15-20.18.55:703][  0]LogConfig: Setting CVar [[r.SkyLight.RealTimeReflectionCapture:1]]
[2022.02.15-20.18.55:703][  0]LogConfig: Applying CVar settings from Section [FoliageQuality@3] File [H:/UE4 Projects/GamesEducationCourse/Task6_14_02_2022/Saved/Config/Windows/Scalability.ini]
[2022.02.15-20.18.55:703][  0]LogConfig: Setting CVar [[foliage.DensityScale:1.0]]
[2022.02.15-20.18.55:703][  0]LogConfig: Setting CVar [[grass.DensityScale:1.0]]
[2022.02.15-20.18.55:703][  0]LogConfig: Applying CVar settings from Section [ShadingQuality@3] File [H:/UE4 Projects/GamesEducationCourse/Task6_14_02_2022/Saved/Config/Windows/Scalability.ini]
[2022.02.15-20.18.55:703][  0]LogConfig: Setting CVar [[r.HairStrands.SkyLighting.IntegrationType:2]]
[2022.02.15-20.18.55:703][  0]LogConfig: Setting CVar [[r.HairStrands.SkyAO.SampleCount:4]]
[2022.02.15-20.18.55:703][  0]LogConfig: Setting CVar [[r.HairStrands.Visibility.MSAA.SamplePerPixel:4]]
[2022.02.15-20.18.55:703][  0]LogConfig: Applying CVar settings from Section [Startup] File [../../../Engine/Config/ConsoleVariables.ini]
[2022.02.15-20.18.55:704][  0]LogConfig: Setting CVar [[net.UseAdaptiveNetUpdateFrequency:0]]
[2022.02.15-20.18.55:704][  0]LogConfig: Setting CVar [[p.chaos.AllowCreatePhysxBodies:1]]
[2022.02.15-20.18.55:704][  0]LogConfig: Setting CVar [[fx.SkipVectorVMBackendOptimizations:1]]
[2022.02.15-20.18.55:704][  0]LogConfig: Applying CVar settings from Section [ConsoleVariables] File [H:/UE4 Projects/GamesEducationCourse/Task6_14_02_2022/Saved/Config/Windows/Engine.ini]
[2022.02.15-20.18.55:704][  0]LogConfig: Applying CVar settings from Section [ConsoleVariables] File [H:/UE4 Projects/GamesEducationCourse/Task6_14_02_2022/Saved/Config/Windows/Editor.ini]
[2022.02.15-20.18.55:704][  0]LogInit: Computer: DESKTOP-T0SPUDD
[2022.02.15-20.18.55:704][  0]LogInit: User: USER
[2022.02.15-20.18.55:704][  0]LogInit: CPU Page size=4096, Cores=6
[2022.02.15-20.18.55:704][  0]LogInit: High frequency timer resolution =10.000000 MHz
[2022.02.15-20.18.55:704][  0]LogMemory: Memory total: Physical=15.9GB (16GB approx)
[2022.02.15-20.18.55:704][  0]LogMemory: Platform Memory Stats for Windows
[2022.02.15-20.18.55:704][  0]LogMemory: Process Physical Memory: 144.93 MB used, 144.93 MB peak
[2022.02.15-20.18.55:704][  0]LogMemory: Process Virtual Memory: 111.36 MB used, 111.36 MB peak
[2022.02.15-20.18.55:704][  0]LogMemory: Physical Memory: 11531.68 MB used,  4790.53 MB free, 16322.21 MB total
[2022.02.15-20.18.55:704][  0]LogMemory: Virtual Memory: 134205816.00 MB used,  11914.10 MB free, 134217728.00 MB total
[2022.02.15-20.18.55:715][  0]LogWindows: WindowsPlatformFeatures enabled
[2022.02.15-20.18.55:769][  0]LogInit: Physics initialised using underlying interface: PhysX
[2022.02.15-20.18.55:770][  0]LogInit: Using OS detected language (ru-RU).
[2022.02.15-20.18.55:770][  0]LogInit: Using OS detected locale (ru-RU).
[2022.02.15-20.18.55:772][  0]LogTextLocalizationManager: No specific localization for 'ru-RU' exists, so the 'ru' localization will be used.
[2022.02.15-20.18.55:774][  0]LogTextLocalizationResource: LocRes '../../../Engine/Content/Localization/Editor/ru/Editor.locres' could not be opened for reading!
[2022.02.15-20.18.55:774][  0]LogTextLocalizationResource: LocRes '../../../Engine/Content/Localization/EditorTutorials/ru/EditorTutorials.locres' could not be opened for reading!
[2022.02.15-20.18.55:774][  0]LogTextLocalizationResource: LocRes '../../../Engine/Content/Localization/Keywords/ru/Keywords.locres' could not be opened for reading!
[2022.02.15-20.18.55:775][  0]LogTextLocalizationResource: LocRes '../../../Engine/Content/Localization/Category/ru/Category.locres' could not be opened for reading!
[2022.02.15-20.18.55:775][  0]LogTextLocalizationResource: LocRes '../../../Engine/Content/Localization/ToolTips/ru/ToolTips.locres' could not be opened for reading!
[2022.02.15-20.18.55:775][  0]LogTextLocalizationResource: LocRes '../../../Engine/Content/Localization/PropertyNames/ru/PropertyNames.locres' could not be opened for reading!
[2022.02.15-20.18.55:775][  0]LogTextLocalizationResource: LocRes '../../../Engine/Content/Localization/Engine/ru/Engine.locres' could not be opened for reading!
[2022.02.15-20.18.55:824][  0]LogWindowsTextInputMethodSystem: Display: IME system deactivated.
[2022.02.15-20.18.55:858][  0]LogSlate: New Slate User Created.  User Index 0, Is Virtual User: 0
[2022.02.15-20.18.55:858][  0]LogSlate: Slate User Registered.  User Index 0, Is Virtual User: 0
[2022.02.15-20.18.55:888][  0]LogD3D11RHI: Loaded GFSDK_Aftermath_Lib.x64.dll
[2022.02.15-20.18.56:060][  0]LogHMD: Optional extension XR_VARJO_quad_views is not available
[2022.02.15-20.18.56:060][  0]LogHMD: Warning: Required extension XR_EXT_eye_gaze_interaction is not available
[2022.02.15-20.18.56:060][  0]LogHMD: Could not enable all required OpenXR extensions for OpenXREyeTracker on current system. This plugin will be loaded but ignored, but will be enabled on a target platform that supports the required extension.
[2022.02.15-20.18.56:562][  0]LogHMD: Failed to get an OpenXR system, result is XR_ERROR_FORM_FACTOR_UNAVAILABLE. Please check that your runtime supports VR headsets.
[2022.02.15-20.18.56:562][  0]LogD3D11RHI: D3D11 min allowed feature level: 11_0
[2022.02.15-20.18.56:562][  0]LogD3D11RHI: D3D11 max allowed feature level: 11_0
[2022.02.15-20.18.56:562][  0]LogD3D11RHI: D3D11 adapters:
[2022.02.15-20.18.56:827][  0]LogD3D11RHI:    0. 'NVIDIA GeForce GTX 1060 6GB' (Feature Level 11_0)
[2022.02.15-20.18.56:827][  0]LogD3D11RHI:       6052/0/8161 MB DedicatedVideo/DedicatedSystem/SharedSystem, Outputs:1, VendorId:0x10de
[2022.02.15-20.18.56:843][  0]LogD3D11RHI:    1. 'Microsoft Basic Render Driver' (Feature Level 11_0)
[2022.02.15-20.18.56:843][  0]LogD3D11RHI:       0/0/8161 MB DedicatedVideo/DedicatedSystem/SharedSystem, Outputs:0, VendorId:0x1414
[2022.02.15-20.18.56:843][  0]LogD3D11RHI: Chosen D3D11 Adapter:
[2022.02.15-20.18.56:843][  0]LogD3D11RHI:     Description : NVIDIA GeForce GTX 1060 6GB
[2022.02.15-20.18.56:843][  0]LogD3D11RHI:     VendorId    : 10de
[2022.02.15-20.18.56:843][  0]LogD3D11RHI:     DeviceId    : 1b83
[2022.02.15-20.18.56:843][  0]LogD3D11RHI:     SubSysId    : 328f1462
[2022.02.15-20.18.56:843][  0]LogD3D11RHI:     Revision    : 00a1
[2022.02.15-20.18.56:843][  0]LogD3D11RHI:     DedicatedVideoMemory : 6345981952 bytes
[2022.02.15-20.18.56:843][  0]LogD3D11RHI:     DedicatedSystemMemory : 0 bytes
[2022.02.15-20.18.56:843][  0]LogD3D11RHI:     SharedSystemMemory : 8557539328 bytes
[2022.02.15-20.18.56:843][  0]LogD3D11RHI:     AdapterLuid : 0 51087
[2022.02.15-20.18.56:856][  0]LogD3D11RHI: Creating new Direct3DDevice
[2022.02.15-20.18.56:856][  0]LogD3D11RHI:     GPU DeviceId: 0x1b83 (for the marketing name, search the web for "GPU Device Id")
[2022.02.15-20.18.56:856][  0]LogWindows: EnumDisplayDevices:
[2022.02.15-20.18.56:856][  0]LogWindows:    0. 'NVIDIA GeForce GTX 1060 6GB' (P:1 D:1)
[2022.02.15-20.18.56:856][  0]LogWindows:    1. 'NVIDIA GeForce GTX 1060 6GB' (P:0 D:0)
[2022.02.15-20.18.56:857][  0]LogWindows:    2. 'NVIDIA GeForce GTX 1060 6GB' (P:0 D:0)
[2022.02.15-20.18.56:857][  0]LogWindows:    3. 'NVIDIA GeForce GTX 1060 6GB' (P:0 D:0)
[2022.02.15-20.18.56:857][  0]LogWindows: DebugString: FoundDriverCount:4 
[2022.02.15-20.18.56:857][  0]LogD3D11RHI:     Adapter Name: NVIDIA GeForce GTX 1060 6GB
[2022.02.15-20.18.56:857][  0]LogD3D11RHI:   Driver Version: 511.65 (internal:30.0.15.1165, unified:511.65)
[2022.02.15-20.18.56:857][  0]LogD3D11RHI:      Driver Date: 1-28-2022
[2022.02.15-20.18.56:857][  0]LogRHI: Texture pool is 4236 MB (70% of 6052 MB)
[2022.02.15-20.18.56:857][  0]LogD3D11RHI: Creating D3DDevice using adapter:
[2022.02.15-20.18.56:857][  0]LogD3D11RHI:     Description : NVIDIA GeForce GTX 1060 6GB
[2022.02.15-20.18.56:857][  0]LogD3D11RHI:     VendorId    : 10de
[2022.02.15-20.18.56:857][  0]LogD3D11RHI:     DeviceId    : 1b83
[2022.02.15-20.18.56:857][  0]LogD3D11RHI:     SubSysId    : 328f1462
[2022.02.15-20.18.56:857][  0]LogD3D11RHI:     Revision    : 00a1
[2022.02.15-20.18.56:857][  0]LogD3D11RHI:     DedicatedVideoMemory : 6345981952 bytes
[2022.02.15-20.18.56:857][  0]LogD3D11RHI:     DedicatedSystemMemory : 0 bytes
[2022.02.15-20.18.56:857][  0]LogD3D11RHI:     SharedSystemMemory : 8557539328 bytes
[2022.02.15-20.18.56:857][  0]LogD3D11RHI:     AdapterLuid : 0 51087
[2022.02.15-20.18.56:963][  0]LogD3D11RHI: RHI has support for 64 bit atomics
[2022.02.15-20.18.56:963][  0]LogD3D11RHI: Async texture creation enabled
[2022.02.15-20.18.56:963][  0]LogD3D11RHI: Array index from any shader is supported
[2022.02.15-20.18.57:022][  0]LogD3D11RHI: GPU Timing Frequency: 1000.000000 (Debug: 2 1)
[2022.02.15-20.18.57:059][  0]LogRHI: GeForceNow SDK initialized: 1
[2022.02.15-20.18.59:280][  0]LogTargetPlatformManager: Display: Loaded TargetPlatform 'WindowsNoEditor'
[2022.02.15-20.18.59:283][  0]LogTargetPlatformManager: Display: Loaded TargetPlatform 'Windows'
[2022.02.15-20.18.59:285][  0]LogTargetPlatformManager: Display: Loaded TargetPlatform 'WindowsClient'
[2022.02.15-20.18.59:288][  0]LogTargetPlatformManager: Display: Loaded TargetPlatform 'WindowsServer'
[2022.02.15-20.18.59:288][  0]LogTargetPlatformManager: Display: Building Assets For Windows
[2022.02.15-20.18.59:291][  0]LogAudioDebug: Display: Lib vorbis DLL was dynamically loaded.
[2022.02.15-20.18.59:304][  0]LogTextureFormatOodle: Display: Oodle Texture 2.9.0 init RDO Off
[2022.02.15-20.18.59:321][  0]LogRendererCore: Ray tracing is disabled. Reason: r.RayTracing=0.
[2022.02.15-20.18.59:321][  0]LogShaderCompilers: Guid format shader working directory is -18 characters bigger than the processId version (../../../../UE4 Projects/GamesEducationCourse/Task6_14_02_2022/Intermediate/Shaders/WorkingDirectory/19476/).
[2022.02.15-20.18.59:321][  0]LogShaderCompilers: Cleaned the shader compiler working directory 'C:/Users/USER/AppData/Local/Temp/UnrealShaderWorkingDir/7E0B1FE944462B791FD863A63A69C07C/'.
[2022.02.15-20.18.59:321][  0]LogXGEController: Cannot use XGE Controller as Incredibuild is not installed on this machine.
[2022.02.15-20.18.59:321][  0]LogShaderCompilers: Cannot use XGE Shader Compiler as Incredibuild is not installed on this machine.
[2022.02.15-20.18.59:321][  0]LogShaderCompilers: Display: Using Local Shader Compiler.
[2022.02.15-20.19.00:542][  0]LogDerivedDataCache: Display: Max Cache Size: 512 MB
[2022.02.15-20.19.00:690][  0]LogDerivedDataCache: Loaded boot cache 0.15s 90MB C:/Users/USER/AppData/Local/UnrealEngine/4.27/DerivedDataCache/Boot.ddc.
[2022.02.15-20.19.00:690][  0]LogDerivedDataCache: Display: Loaded Boot cache: C:/Users/USER/AppData/Local/UnrealEngine/4.27/DerivedDataCache/Boot.ddc
[2022.02.15-20.19.00:691][  0]LogDerivedDataCache: FDerivedDataBackendGraph:  Pak pak cache file ../../../../UE4 Projects/GamesEducationCourse/Task6_14_02_2022/DerivedDataCache/DDC.ddp not found, will not use a pak cache.
[2022.02.15-20.19.00:691][  0]LogDerivedDataCache: Unable to find inner node Pak for hierarchical cache Hierarchy.
[2022.02.15-20.19.00:691][  0]LogDerivedDataCache: FDerivedDataBackendGraph:  CompressedPak pak cache file ../../../../UE4 Projects/GamesEducationCourse/Task6_14_02_2022/DerivedDataCache/Compressed.ddp not found, will not use a pak cache.
[2022.02.15-20.19.00:691][  0]LogDerivedDataCache: Unable to find inner node CompressedPak for hierarchical cache Hierarchy.
[2022.02.15-20.19.00:712][  0]LogDerivedDataCache: Display: Pak cache opened for reading ../../../Engine/DerivedDataCache/Compressed.ddp.
[2022.02.15-20.19.00:713][  0]LogDerivedDataCache: FDerivedDataBackendGraph:  EnterprisePak pak cache file ../../../Enterprise/DerivedDataCache/Compressed.ddp not found, will not use a pak cache.
[2022.02.15-20.19.00:713][  0]LogDerivedDataCache: Unable to find inner node EnterprisePak for hierarchical cache Hierarchy.
[2022.02.15-20.19.00:729][  0]LogDerivedDataCache: Speed tests for C:/Users/USER/AppData/Local/UnrealEngine/Common/DerivedDataCache took 0.02 seconds
[2022.02.15-20.19.00:730][  0]LogDerivedDataCache: Display: Performance to C:/Users/USER/AppData/Local/UnrealEngine/Common/DerivedDataCache: Latency=0.04ms. RandomReadSpeed=940.79MBs, RandomWriteSpeed=61.75MBs. Assigned SpeedClass 'Local'
[2022.02.15-20.19.00:775][  0]LogDerivedDataCache: Using Local data cache path C:/Users/USER/AppData/Local/UnrealEngine/Common/DerivedDataCache: Writable
[2022.02.15-20.19.00:775][  0]LogDerivedDataCache: Shared data cache path not found in *engine.ini, will not use an Shared cache.
[2022.02.15-20.19.00:775][  0]LogDerivedDataCache: Unable to find inner node Shared for hierarchical cache Hierarchy.
[2022.02.15-20.19.00:820][  0]LogSlate: Using FreeType 2.10.0
[2022.02.15-20.19.00:821][  0]LogSlate: SlateFontServices - WITH_FREETYPE: 1, WITH_HARFBUZZ: 1
[2022.02.15-20.19.01:324][  0]LogHMD: Failed to get an OpenXR system, result is XR_ERROR_FORM_FACTOR_UNAVAILABLE. Please check that your runtime supports VR headsets.
[2022.02.15-20.19.01:481][  0]LogInit: Using OS detected language (ru-RU).
[2022.02.15-20.19.01:481][  0]LogInit: Using OS detected locale (ru-RU).
[2022.02.15-20.19.01:481][  0]LogTextLocalizationManager: No localization for 'ru-RU' exists, so 'en' will be used for the language.
[2022.02.15-20.19.01:481][  0]LogTextLocalizationManager: No localization for 'ru-RU' exists, so 'en' will be used for the locale.
[2022.02.15-20.19.01:481][  0]LogSlate: FontCache flush requested. Reason: Culture for localization was changed
[2022.02.15-20.19.01:481][  0]LogSlate: FontCache flush requested. Reason: Culture for localization was changed
[2022.02.15-20.19.01:485][  0]LogAssetRegistry: FAssetRegistry took 0.0027 seconds to start up
[2022.02.15-20.19.01:708][  0]LogPackageLocalizationCache: Processed 26 localized package path(s) for 1 prioritized culture(s) in 0.002515 seconds
[2022.02.15-20.19.01:822][  0]LogInit: Selected Device Profile: [Windows]
[2022.02.15-20.19.01:822][  0]LogInit: Active device profile: [000001B80FACFE00][000001B8089EB300 49] Windows
[2022.02.15-20.19.01:822][  0]LogInit: Profiles: [000001B80FACFE00][000001B8089EB300 49] Windows, [000001B80FA84300][000001B8089F3480 49] WindowsNoEditor, [000001B80FACC300][000001B8089F7600 49] WindowsServer, [000001B80FA85600][000001B8089FB780 49] WindowsClient, [000001B80FACD500][000001B8089EF8C0 49] IOS, [000001B80FA86400][000001B8089FFA00 49] iPadAir, [000001B80FACE300][000001B8066ABB40 49] iPadAir2, [000001B80FA43D00][000001B8066B6240 49] IPadPro, [000001B80FA43E00][000001B8066AE280 49] iPadAir3, [000001B80FACF900][000001B8066BA400 49] iPadAir4, [000001B80FA40800][000001B8066BE580 49] iPadMini2, [000001B80FACC600][000001B8066C2700 49] iPadMini3, [000001B80FA42D00][000001B8066C6880 49] iPadMini4, [000001B80FACD100][000001B8066CAA00 49] iPadMini5, [000001B80FA7F600][000001B8066D2CC0 49] iPhone6, [000001B80FA7F700][000001B8066CED00 49] iPodTouch6, [000001B80FA42000][000001B8066DAFC0 49] iPhone7, [000001B80FA42100][000001B8066D7000 49] iPodTouch7, [000001B80FA7C700][000001B8066DF180 49] iPhone5S, [000001B80FA40D00][000001B8066E3300 49] iPhone6Plus, [000001B80FA7D100][000001B8066E7480 49] iPhone6S, [000001B80FA41A00][000001B8066EB600 49] iPhone6SPlus, [000001B80FA7F400][000001B8066EF780 49] iPhone7Plus, [000001B80FA42B00][000001B8066F3900 49] iPhoneSE, [000001B80FA7CD00][000001B806385A80 49] iPhone8, [000001B80FA43F00][000001B8066B3BC0 49] iPhone8Plus, [000001B80FA7E700][000001B806388180 49] iPhoneX, [000001B80FA42900][000001B80638C2C0 49] iPhoneXS, [000001B80FA7C300][000001B806394440 49] iPhoneXSMax, [000001B80FA41700][000001B8063985C0 49] iPhoneXR, [000001B80FA7D200][000001B80639C740 49] iPhone11, [000001B80FA43A00][000001B8063A08C0 49] iPhone11Pro, [000001B80FA7C600][000001B8063A4A40 49] iPhone11ProMax, [000001B80FA41B00][000001B8063A8BC0 49] iPhoneSE2, [000001B80FA7F800][000001B8063ACD40 49] iPhone12Mini, [000001B80FA42A00][000001B8063B0EC0 49] iPhone12, [000001B80FA7C400][000001B8063B5040 49] iPhone12Pro, [000001B80FA42400][000001B8063B91C0 49] iPhone12ProMax, [000001B80FA7C800][000001B8063BD340 49] iPadPro105, [000001B80FA42500][000001B8063C14C0 49] iPadPro129, [000001B80FA7F300][000001B8063C5640 49] iPadPro97, [000001B80FA41D00][000001B8063C97C0 49] iPadPro2_129, [000001B80FA7CB00][000001B8063CD940 49] iPad5, [000001B80FA43000][000001B80888FAC0 49] iPad6, [000001B80FA7DC00][000001B8088920C0 49] iPad7, [000001B80FA40900][000001B806390200 49] iPad8, [000001B80FA7FA00][000001B808896340 49] iPadPro11, [000001B80FA42700][000001B80889A480 49] iPadPro2_11, [000001B80FA7F200][000001B80889E5C0 49] iPadPro3_129, [000001B80FA43400][000001B8088A6740 49] iPadPro4_129, [000001B80FA7FC00][000001B8088AA8C0 49] AppleTV, [000001B80FA42C00][000001B8088AEA40 49] AppleTV4K, [000001B80FA7DF00][000001B8088B2BC0 49] TVOS, [000001B80FA40100][000001B8088B6D40 49] Mac, [000001B80FA7DE00][000001B8063D0EC0 49] MacClient, [000001B80FA41500][000001B8063D5040 49] MacNoEditor, [000001B80FA7D300][000001B8063D91C0 49] MacServer, [000001B80FA40C00][000001B8063DD340 49] Linux, [000001B80FA7CE00][000001B8063E14C0 49] LinuxAArch64, [000001B80FA40F00][000001B8063E5640 49] LinuxNoEditor, [000001B80FA7E400][000001B8063E97C0 49] LinuxAArch64NoEditor, [000001B80FA40500][000001B8063ED940 49] LinuxClient, [000001B80FA7DD00][000001B8063F1AC0 49] LinuxAArch64Client, [000001B80FA84900][000001B8063F40C0 49] LinuxServer, [000001B80FB09600][000001B8063F8240 49] LinuxAArch64Server, [000001B80FA85500][000001B8088A2380 49] Android, [000001B80FB08800][000001B8063FC4C0 49] Android_Low, [000001B80FA85800][000001B806400600 49] Android_Mid, [000001B80FB0AD00][000001B806404740 49] Android_High, [000001B80FA87D00][000001B80640C8C0 49] Android_Default, [000001B80FB0B300][000001B805D36A40 49] Android_Adreno4xx, [000001B80FA86F00][000001B805D3ABC0 49] Android_Adreno5xx_Low, [000001B80FB09500][000001B805D3ED40 49] Android_Adreno5xx, [000001B80FA86B00][000001B805D42EC0 49] Android_Adreno6xx, [000001B80FB09200][000001B805D47040 49] Android_Adreno6xx_Vulkan, [000001B80FA84700][000001B805D4B1C0 49] Android_Mali_T6xx, [000001B80FB08100][000001B805D4F340 49] Android_Mali_T7xx, [000001B80FA85C00][000001B805D534C0 49] Android_Mali_T8xx, [000001B80FB0AE00][000001B805D57640 49] Android_Mali_G71, [000001B80FA84A00][000001B805D5B7C0 49] Android_Mali_G72, [000001B80FB09100][000001B805D5F940 49] Android_Mali_G72_Vulkan, [000001B80FA84200][000001B805D63AC0 49] Android_Mali_G76, [000001B80FB08B00][000001B805D660C0 49] Android_Mali_G76_Vulkan, [000001B80FA85900][000001B805D6A240 49] Android_Mali_G77, [000001B80FB0A800][000001B805D6E3C0 49] Android_Mali_G77_Vulkan, [000001B80FA7EA00][000001B805D72540 49] Android_Mali_G78, [000001B80FB09B00][000001B806408680 49] Android_Mali_G78_Vulkan, [000001B80FA7C500][000001B805D767C0 49] Android_Mali_G710, [000001B80FB08300][000001B805D7A900 49] Android_Mali_G710_Vulkan, [000001B80FA7E600][000001B805D82A80 49] Android_Vulkan_SM5, [000001B80FB0AF00][000001B805D86C00 49] Android_PowerVR_G6xxx, [000001B80FA7E100][000001B805D8AD80 49] Android_PowerVR_GT7xxx, [000001B80FB0A400][000001B805D8EF00 49] Android_PowerVR_GE8xxx, [000001B80FA7D400][000001B805D93080 49] Android_PowerVR_GM9xxx, [000001B80FB0B700][000001B805D97200 49] Android_PowerVR_GM9xxx_Vulkan, [000001B80FA7DB00][000001B805D9B380 49] Android_TegraK1, [000001B80FB08A00][000001B805D9F500 49] Android_Unknown_Vulkan, [000001B80FA7FE00][000001B805DA3680 49] Lumin, [000001B80FB0A300][000001B805DA7800 49] Lumin_Desktop, [000001B80FA7E500][000001B805DAB980 49] HoloLens, 
[2022.02.15-20.19.01:870][  0]LogMeshReduction: Using QuadricMeshReduction for automatic static mesh reduction
[2022.02.15-20.19.01:870][  0]LogMeshReduction: Using SimplygonMeshReduction for automatic skeletal mesh reduction
[2022.02.15-20.19.01:870][  0]LogMeshReduction: Using ProxyLODMeshReduction for automatic mesh merging
[2022.02.15-20.19.01:870][  0]LogMeshReduction: No distributed automatic mesh merging module available
[2022.02.15-20.19.01:871][  0]LogMeshMerging: No distributed automatic mesh merging module available
[2022.02.15-20.19.02:007][  0]LogNetVersion: Task6_14_02_2022 1.0.0, NetCL: 17155196, EngineNetVer: 17, GameNetVer: 0 (Checksum: 1972922205)
[2022.02.15-20.19.02:492][  0]LogTexture: Default maximum texture size for cubemaps generated from long-lat sources has been changed from 512 to unlimited. In order to preserve old behaiour for '/Engine/MapTemplates/Sky/DaylightAmbientCubemap.DaylightAmbientCubemap', its maximum texture size has been explicitly set to 512.
[2022.02.15-20.19.02:902][  0]LogTextLocalizationManager: Compacting localization data took   0.00ms
[2022.02.15-20.19.02:902][  0]LogMoviePlayer: Initializing movie player
[2022.02.15-20.19.03:054][  0]LogPython: Using Python 3.7.7
[2022.02.15-20.19.03:768][  0]LogNiagaraDebuggerClient: Niagara Debugger Client Initialized | Session: 4AE3FAC84845A9C94B0768976C262D3F | Instance: D280A7BD4CB5886A335941ADFD65FC51 (DESKTOP-T0SPUDD-19476).
[2022.02.15-20.19.03:790][  0]LogCollectionManager: Loaded 0 collections in 0.002184 seconds
[2022.02.15-20.19.03:818][  0]LogFileCache: Scanning file cache for directory 'H:/UE4 Projects/GamesEducationCourse/Task6_14_02_2022/Saved/Collections/' took 0.01s
[2022.02.15-20.19.03:818][  0]LogCollectionManager: Fixed up redirectors for 0 collections in 0.000003 seconds (updated 0 objects)
[2022.02.15-20.19.04:013][  0]LogFileCache: Scanning file cache for directory 'H:/UE4 Projects/GamesEducationCourse/Task6_14_02_2022/Content/Developers/USER/Collections/' took 0.00s
[2022.02.15-20.19.04:013][  0]LogFileCache: Scanning file cache for directory 'H:/UE4 Projects/GamesEducationCourse/Task6_14_02_2022/Content/Collections/' took 0.00s
[2022.02.15-20.19.04:013][  0]LogTcpMessaging: Initializing TcpMessaging bridge
[2022.02.15-20.19.04:020][  0]LogUdpMessaging: Initializing bridge on interface 0.0.0.0:0 to multicast group 230.0.0.1:6666.
[2022.02.15-20.19.04:221][  0]SourceControl: Source control is disabled
[2022.02.15-20.19.04:221][  0]SourceControl: Source control is disabled
[2022.02.15-20.19.04:225][  0]SourceControl: Source control is disabled
[2022.02.15-20.19.04:232][  0]LogUProjectInfo: Found projects:
[2022.02.15-20.19.04:359][  0]LogOpenImageDenoise: OIDN starting up
[2022.02.15-20.19.04:405][  0]LogAndroidPermission: UAndroidPermissionCallbackProxy::GetInstance
[2022.02.15-20.19.04:457][  0]LogAudioCaptureCore: Display: No Audio Capture implementations found. Audio input will be silent.
[2022.02.15-20.19.04:457][  0]LogAudioCaptureCore: Display: No Audio Capture implementations found. Audio input will be silent.
[2022.02.15-20.19.04:534][  0]LogUObjectArray: 21764 objects as part of root set at end of initial load.
[2022.02.15-20.19.04:534][  0]LogUObjectAllocator: 5863296 out of 0 bytes used by permanent object pool.
[2022.02.15-20.19.04:534][  0]LogUObjectArray: CloseDisregardForGC: 0/0 objects in disregard for GC pool
[2022.02.15-20.19.04:626][  0]LogEngine: Initializing Engine...
[2022.02.15-20.19.05:130][  0]LogHMD: Failed to get an OpenXR system, result is XR_ERROR_FORM_FACTOR_UNAVAILABLE. Please check that your runtime supports VR headsets.
[2022.02.15-20.19.05:130][  0]LogMagicLeap: Warning: VR disabled because ZI is not enabled.  To enable, in the editor, Edit -> Project Settings -> Plugins -> Magic Leap Plugin -> Enable Zero Iteration
[2022.02.15-20.19.05:139][  0]LogStats: UGameplayTagsManager::InitializeManager -  0.000 s
[2022.02.15-20.19.05:434][  0]LogInit: Initializing FReadOnlyCVARCache
[2022.02.15-20.19.05:434][  0]LogAudio: Display: Initializing Audio Device Manager...
[2022.02.15-20.19.05:436][  0]LogAudio: Display: Loading Default Audio Settings Objects...
[2022.02.15-20.19.05:437][  0]LogAudio: Display: No default SoundConcurrencyObject specified (or failed to load).
[2022.02.15-20.19.05:437][  0]LogAudio: Display: Audio Device Manager Initialized
[2022.02.15-20.19.05:437][  0]LogAudio: Display: Creating Audio Device:                 Id: 1, Scope: Shared, Realtime: True
[2022.02.15-20.19.05:437][  0]LogAudioMixer: Display: Audio Mixer Platform Settings:
[2022.02.15-20.19.05:437][  0]LogAudioMixer: Display: 	Sample Rate:						  48000
[2022.02.15-20.19.05:437][  0]LogAudioMixer: Display: 	Callback Buffer Frame Size Requested: 1024
[2022.02.15-20.19.05:437][  0]LogAudioMixer: Display: 	Callback Buffer Frame Size To Use:	  1024
[2022.02.15-20.19.05:437][  0]LogAudioMixer: Display: 	Number of buffers to queue:			  2
[2022.02.15-20.19.05:437][  0]LogAudioMixer: Display: 	Max Channels (voices):				  32
[2022.02.15-20.19.05:437][  0]LogAudioMixer: Display: 	Number of Async Source Workers:		  0
[2022.02.15-20.19.05:437][  0]LogAudio: Display: AudioDevice MaxSources: 32
[2022.02.15-20.19.05:438][  0]LogAudio: Display: Audio Spatialization Plugin: None (built-in).
[2022.02.15-20.19.05:438][  0]LogAudio: Display: Audio Reverb Plugin: None (built-in).
[2022.02.15-20.19.05:438][  0]LogAudio: Display: Audio Occlusion Plugin: None (built-in).
[2022.02.15-20.19.05:438][  0]LogAudioMixer: Display: Initializing audio mixer.
[2022.02.15-20.19.05:492][  0]LogAudioMixer: Display: 0: FrontLeft
[2022.02.15-20.19.05:492][  0]LogAudioMixer: Display: 1: FrontRight
[2022.02.15-20.19.05:572][  0]LogAudioMixer: Display: Using Audio Device Динамики (Realtek High Definition Audio)
[2022.02.15-20.19.05:577][  0]LogAudioMixer: Display: Initializing Sound Submixes...
[2022.02.15-20.19.05:579][  0]LogAudioMixer: Display: Creating Master Submix 'MasterSubmixDefault'
[2022.02.15-20.19.05:579][  0]LogAudioMixer: Display: Creating Master Submix 'MasterReverbSubmixDefault'
[2022.02.15-20.19.05:581][  0]LogAudioMixer: Display: Creating Master Submix 'MasterEQSubmixDefault'
[2022.02.15-20.19.05:582][  0]LogAudioMixer: FMixerPlatformXAudio2::StartAudioStream() called
[2022.02.15-20.19.05:582][  0]LogAudioMixer: Display: Output buffers initialized: Frames=1024, Channels=2, Samples=2048
[2022.02.15-20.19.05:592][  0]LogAudioMixer: Display: Starting AudioMixerPlatformInterface::RunInternal()
[2022.02.15-20.19.05:592][  0]LogAudioMixer: Display: FMixerPlatformXAudio2::SubmitBuffer() called for the first time
[2022.02.15-20.19.05:592][  0]LogInit: FAudioDevice initialized.
[2022.02.15-20.19.05:595][  0]LogNetVersion: Set ProjectVersion to 1.0.0.0. Version Checksum will be recalculated on next use.
[2022.02.15-20.19.05:595][  0]LogInit: Texture streaming: Enabled
[2022.02.15-20.19.06:114][  0]LogAudio: Display: Audio Device (ID: 1) registered with world 'Untitled'.
[2022.02.15-20.19.06:123][  0]LogSlate: Updating window title bar state: overlay mode, drag disabled, window buttons hidden, title bar hidden
[2022.02.15-20.19.06:123][  0]LogInit: Display: Game Engine Initialized.
[2022.02.15-20.19.06:131][  0]LogNiagaraEditor: GEditor isn't valid! Particle reset commands will not work for Niagara components!
[2022.02.15-20.19.06:220][  0]LogInit: Display: Starting Game.
[2022.02.15-20.19.06:220][  0]LogNet: Browse: 127.0.0.1:17777/Game/ThirdPersonBP/Maps/Lobby?Name=Player
[2022.02.15-20.19.06:221][  0]LogInit: WinSock: Socket queue. Rx: 32768 (config 32768) Tx: 32768 (config 32768)
[2022.02.15-20.19.06:221][  0]LogNet: Created socket for bind address: 0.0.0.0 on port 0
[2022.02.15-20.19.06:221][  0]PacketHandlerLog: Loaded PacketHandler component: Engine.EngineHandlerComponentFactory (StatelessConnectHandlerComponent)
[2022.02.15-20.19.06:221][  0]LogNet: Game client on port 17777, rate 100000
[2022.02.15-20.19.06:340][  0]LogInit: Display: Engine is initialized. Leaving FEngineLoop::Init()
[2022.02.15-20.19.06:340][  0]LogLoad: (Engine Initialization) Total time: 12.75 seconds
[2022.02.15-20.19.06:340][  0]LogLoad: (Engine Initialization) Total Blueprint compile time: 0.00 seconds
[2022.02.15-20.19.06:370][  0]LogContentStreaming: Texture pool size now 1000 MB
[2022.02.15-20.19.06:376][  0]LogSlate: InvalidateAllWidgets triggered.  All widgets were invalidated
[2022.02.15-20.19.06:442][  2]LogAudio: Display: Waited 41.370800 ms for audio thread.
[2022.02.15-20.19.06:442][  2]LogAudio: Display: Waited 41.542500 ms for audio thread.
[2022.02.15-20.19.06:950][128]LogAudio: Display: Waited 39.350800 ms for audio thread.
[2022.02.15-20.19.06:957][128]LogAudio: Display: Waited 46.872501 ms for audio thread.
[2022.02.15-20.19.09:951][ 69]LogAudio: Display: Waited 35.917099 ms for audio thread.
[2022.02.15-20.19.09:961][ 69]LogAudio: Display: Waited 45.947899 ms for audio thread.
[2022.02.15-20.19.10:183][105]LogAudio: Display: Waited 35.579102 ms for audio thread.
[2022.02.15-20.19.10:185][105]LogAudio: Display: Waited 37.534698 ms for audio thread.
[2022.02.15-20.19.10:844][357]LogAudio: Display: Waited 35.142700 ms for audio thread.
[2022.02.15-20.19.10:855][357]LogAudio: Display: Waited 46.533600 ms for audio thread.
[2022.02.15-20.19.11:388][489]LogHandshake: SendChallengeResponse. Timestamp: 0.588380, Cookie: 251028023076020191200003018253236004194030041234149183100014
[2022.02.15-20.19.11:442][511]LogNetVersion: Task6_14_02_2022 1.0.0.0, NetCL: 17155196, EngineNetVer: 17, GameNetVer: 0 (Checksum: 1740677581)
[2022.02.15-20.19.11:442][511]LogNet: UPendingNetGame::SendInitialJoin: Sending hello. [UNetConnection] RemoteAddr: 127.0.0.1:17777, Name: IpConnection_0, Driver: PendingNetDriver IpNetDriver_0, IsServer: NO, PC: NULL, Owner: NULL, UniqueId: INVALID
[2022.02.15-20.19.11:456][517]LogNet: Welcomed by server (Level: /Game/ThirdPersonBP/Maps/GameplayMap, Game: /Game/ThirdPersonBP/Blueprints/ThirdPersonGameMode.ThirdPersonGameMode_C)
[2022.02.15-20.19.11:456][517]LogLoad: LoadMap: 127.0.0.1:17777/Game/ThirdPersonBP/Maps/GameplayMap?Name=Player?game=/Game/ThirdPersonBP/Blueprints/ThirdPersonGameMode.ThirdPersonGameMode_C
[2022.02.15-20.19.11:456][517]LogWorld: BeginTearingDown for /Temp/Untitled_0
[2022.02.15-20.19.11:456][517]LogWorld: UWorld::CleanupWorld for Untitled, bSessionEnded=true, bCleanupResources=true
[2022.02.15-20.19.11:456][517]LogSlate: InvalidateAllWidgets triggered.  All widgets were invalidated
[2022.02.15-20.19.11:573][517]LogAudio: Display: Audio Device unregistered from world 'None'.
[2022.02.15-20.19.11:592][517]LogUObjectHash: Compacting FUObjectHashTables data took   1.57ms
